# JRE version: OpenJDK Runtime Environment Temurin-21.0.11+10 (21.0.11+10) (build 21.0.11+10-LTS)
# Java VM: OpenJDK 64-Bit Server VM Temurin-21.0.11+10 (21.0.11+10-LTS, mixed mode, sharing, tiered, compressed oops, compressed class ptrs, parallel gc, windows-amd64)
GC Precious Log:
 CardTable entry size: 512
 CPUs: 8 total, 8 available
 Memory: 8065M
 Large Page Support: Disabled
 NUMA Support: Disabled
 Compressed Oops: Enabled (32-bit)
 Alignments: Space 512K, Generation 512K, Heap 2M
 Heap Min Capacity: 100M
 Heap Initial Capacity: 100M
 Heap Max Capacity: 2G
 Pre-touch: Disabled
 Parallel Workers: 8
Heap:
 PSYoungGen      total 7680K, used 6274K [0x00000000d5580000, 0x00000000d5f00000, 0x0000000100000000)
  eden space 6656K, 78% used [0x00000000d5580000,0x00000000d5aa0bc8,0x00000000d5c00000)
  from space 1024K, 99% used [0x00000000d5e00000,0x00000000d5effeb8,0x00000000d5f00000)
  to   space 1536K, 0% used [0x00000000d5c00000,0x00000000d5c00000,0x00000000d5d80000)
 ParOldGen       total 125440K, used 102459K [0x0000000080000000, 0x0000000087a80000, 0x00000000d5580000)
  object space 125440K, 81% used [0x0000000080000000,0x000000008640ee20,0x0000000087a80000)
 Metaspace       used 63855K, committed 65408K, reserved 1114112K
  class space    used 6686K, committed 7360K, reserved 1048576K
GC Heap History (20 events):
Event: 113.467 GC heap before
{Heap before GC invocations=190 (full 3):
 PSYoungGen      total 10240K, used 10225K [0x00000000d5580000, 0x00000000d6480000, 0x0000000100000000)
  eden space 9216K, 100% used [0x00000000d5580000,0x00000000d5e80000,0x00000000d5e80000)
  from space 1024K, 98% used [0x00000000d6180000,0x00000000d627c610,0x00000000d6280000)
  to   space 3072K, 0% used [0x00000000d5e80000,0x00000000d5e80000,0x00000000d6180000)
 ParOldGen       total 125440K, used 92251K [0x0000000080000000, 0x0000000087a80000, 0x00000000d5580000)
  object space 125440K, 73% used [0x0000000080000000,0x0000000085a16c90,0x0000000087a80000)
 Metaspace       used 63576K, committed 65152K, reserved 1114112K
  class space    used 6668K, committed 7360K, reserved 1048576K
}
Event: 113.474 GC heap after
{Heap after GC invocations=190 (full 3):
 PSYoungGen      total 11776K, used 2063K [0x00000000d5580000, 0x00000000d6380000, 0x0000000100000000)
  eden space 9216K, 0% used [0x00000000d5580000,0x00000000d5580000,0x00000000d5e80000)
  from space 2560K, 80% used [0x00000000d5e80000,0x00000000d6083eb8,0x00000000d6100000)
  to   space 2560K, 0% used [0x00000000d6100000,0x00000000d6100000,0x00000000d6380000)
 ParOldGen       total 125440K, used 93230K [0x0000000080000000, 0x0000000087a80000, 0x00000000d5580000)
  object space 125440K, 74% used [0x0000000080000000,0x0000000085b0bbf8,0x0000000087a80000)
 Metaspace       used 63576K, committed 65152K, reserved 1114112K
  class space    used 6668K, committed 7360K, reserved 1048576K
}
Event: 116.367 GC heap before
{Heap before GC invocations=191 (full 3):
 PSYoungGen      total 11776K, used 11279K [0x00000000d5580000, 0x00000000d6380000, 0x0000000100000000)
  eden space 9216K, 100% used [0x00000000d5580000,0x00000000d5e80000,0x00000000d5e80000)
  from space 2560K, 80% used [0x00000000d5e80000,0x00000000d6083eb8,0x00000000d6100000)
  to   space 2560K, 0% used [0x00000000d6100000,0x00000000d6100000,0x00000000d6380000)
 ParOldGen       total 125440K, used 93230K [0x0000000080000000, 0x0000000087a80000, 0x00000000d5580000)
  object space 125440K, 74% used [0x0000000080000000,0x0000000085b0bbf8,0x0000000087a80000)
 Metaspace       used 63609K, committed 65152K, reserved 1114112K
  class space    used 6672K, committed 7360K, reserved 1048576K
}
Event: 116.373 GC heap after
{Heap after GC invocations=191 (full 3):
 PSYoungGen      total 10752K, used 1444K [0x00000000d5580000, 0x00000000d6280000, 0x0000000100000000)
  eden space 9216K, 0% used [0x00000000d5580000,0x00000000d5580000,0x00000000d5e80000)
  from space 1536K, 94% used [0x00000000d6100000,0x00000000d6269220,0x00000000d6280000)
  to   space 2048K, 0% used [0x00000000d5e80000,0x00000000d5e80000,0x00000000d6080000)
 ParOldGen       total 125440K, used 95048K [0x0000000080000000, 0x0000000087a80000, 0x00000000d5580000)
  object space 125440K, 75% used [0x0000000080000000,0x0000000085cd2248,0x0000000087a80000)
 Metaspace       used 63609K, committed 65152K, reserved 1114112K
  class space    used 6672K, committed 7360K, reserved 1048576K
}
Event: 118.662 GC heap before
{Heap before GC invocations=192 (full 3):
 PSYoungGen      total 10752K, used 10660K [0x00000000d5580000, 0x00000000d6280000, 0x0000000100000000)
  eden space 9216K, 100% used [0x00000000d5580000,0x00000000d5e80000,0x00000000d5e80000)
  from space 1536K, 94% used [0x00000000d6100000,0x00000000d6269220,0x00000000d6280000)
  to   space 2048K, 0% used [0x00000000d5e80000,0x00000000d5e80000,0x00000000d6080000)
 ParOldGen       total 125440K, used 95048K [0x0000000080000000, 0x0000000087a80000, 0x00000000d5580000)
  object space 125440K, 75% used [0x0000000080000000,0x0000000085cd2248,0x0000000087a80000)
 Metaspace       used 63651K, committed 65216K, reserved 1114112K
  class space    used 6675K, committed 7360K, reserved 1048576K
}
Event: 118.670 GC heap after
{Heap after GC invocations=192 (full 3):
 PSYoungGen      total 11264K, used 658K [0x00000000d5580000, 0x00000000d6180000, 0x0000000100000000)
  eden space 9216K, 0% used [0x00000000d5580000,0x00000000d5580000,0x00000000d5e80000)
  from space 2048K, 32% used [0x00000000d5e80000,0x00000000d5f24998,0x00000000d6080000)
  to   space 1024K, 0% used [0x00000000d6080000,0x00000000d6080000,0x00000000d6180000)
 ParOldGen       total 125440K, used 95712K [0x0000000080000000, 0x0000000087a80000, 0x00000000d5580000)
  object space 125440K, 76% used [0x0000000080000000,0x0000000085d78200,0x0000000087a80000)
 Metaspace       used 63651K, committed 65216K, reserved 1114112K
  class space    used 6675K, committed 7360K, reserved 1048576K
}
Event: 119.394 GC heap before
{Heap before GC invocations=193 (full 3):
 PSYoungGen      total 11264K, used 9874K [0x00000000d5580000, 0x00000000d6180000, 0x0000000100000000)
  eden space 9216K, 100% used [0x00000000d5580000,0x00000000d5e80000,0x00000000d5e80000)
  from space 2048K, 32% used [0x00000000d5e80000,0x00000000d5f24998,0x00000000d6080000)
  to   space 1024K, 0% used [0x00000000d6080000,0x00000000d6080000,0x00000000d6180000)
 ParOldGen       total 125440K, used 95712K [0x0000000080000000, 0x0000000087a80000, 0x00000000d5580000)
  object space 125440K, 76% used [0x0000000080000000,0x0000000085d78200,0x0000000087a80000)
 Metaspace       used 63673K, committed 65216K, reserved 1114112K
  class space    used 6676K, committed 7360K, reserved 1048576K
}
Event: 119.399 GC heap after
{Heap after GC invocations=193 (full 3):
 PSYoungGen      total 9728K, used 994K [0x00000000d5580000, 0x00000000d6380000, 0x0000000100000000)
  eden space 8704K, 0% used [0x00000000d5580000,0x00000000d5580000,0x00000000d5e00000)
  from space 1024K, 97% used [0x00000000d6080000,0x00000000d6178b08,0x00000000d6180000)
  to   space 2560K, 0% used [0x00000000d5e00000,0x00000000d5e00000,0x00000000d6080000)
 ParOldGen       total 125440K, used 96892K [0x0000000080000000, 0x0000000087a80000, 0x00000000d5580000)
  object space 125440K, 77% used [0x0000000080000000,0x0000000085e9f3b8,0x0000000087a80000)
 Metaspace       used 63673K, committed 65216K, reserved 1114112K
  class space    used 6676K, committed 7360K, reserved 1048576K
}
Event: 120.242 GC heap before
{Heap before GC invocations=194 (full 3):
 PSYoungGen      total 9728K, used 9698K [0x00000000d5580000, 0x00000000d6380000, 0x0000000100000000)
  eden space 8704K, 100% used [0x00000000d5580000,0x00000000d5e00000,0x00000000d5e00000)
  from space 1024K, 97% used [0x00000000d6080000,0x00000000d6178b08,0x00000000d6180000)
  to   space 2560K, 0% used [0x00000000d5e00000,0x00000000d5e00000,0x00000000d6080000)
 ParOldGen       total 125440K, used 96892K [0x0000000080000000, 0x0000000087a80000, 0x00000000d5580000)
  object space 125440K, 77% used [0x0000000080000000,0x0000000085e9f3b8,0x0000000087a80000)
 Metaspace       used 63698K, committed 65216K, reserved 1114112K
  class space    used 6678K, committed 7360K, reserved 1048576K
}
Event: 120.248 GC heap after
{Heap after GC invocations=194 (full 3):
 PSYoungGen      total 10240K, used 1504K [0x00000000d5580000, 0x00000000d6200000, 0x0000000100000000)
  eden space 8704K, 0% used [0x00000000d5580000,0x00000000d5580000,0x00000000d5e00000)
  from space 1536K, 97% used [0x00000000d5e00000,0x00000000d5f78108,0x00000000d5f80000)
  to   space 2048K, 0% used [0x00000000d6000000,0x00000000d6000000,0x00000000d6200000)
 ParOldGen       total 125440K, used 97870K [0x0000000080000000, 0x0000000087a80000, 0x00000000d5580000)
  object space 125440K, 78% used [0x0000000080000000,0x0000000085f93880,0x0000000087a80000)
 Metaspace       used 63698K, committed 65216K, reserved 1114112K
  class space    used 6678K, committed 7360K, reserved 1048576K
}
Event: 120.730 GC heap before
{Heap before GC invocations=195 (full 3):
 PSYoungGen      total 10240K, used 10208K [0x00000000d5580000, 0x00000000d6200000, 0x0000000100000000)
  eden space 8704K, 100% used [0x00000000d5580000,0x00000000d5e00000,0x00000000d5e00000)
  from space 1536K, 97% used [0x00000000d5e00000,0x00000000d5f78108,0x00000000d5f80000)
  to   space 2048K, 0% used [0x00000000d6000000,0x00000000d6000000,0x00000000d6200000)
 ParOldGen       total 125440K, used 97870K [0x0000000080000000, 0x0000000087a80000, 0x00000000d5580000)
  object space 125440K, 78% used [0x0000000080000000,0x0000000085f93880,0x0000000087a80000)
 Metaspace       used 63735K, committed 65280K, reserved 1114112K
  class space    used 6679K, committed 7360K, reserved 1048576K
}
Event: 120.736 GC heap after
{Heap after GC invocations=195 (full 3):
 PSYoungGen      total 8704K, used 2026K [0x00000000d5580000, 0x00000000d6600000, 0x0000000100000000)
  eden space 6656K, 0% used [0x00000000d5580000,0x00000000d5580000,0x00000000d5c00000)
  from space 2048K, 98% used [0x00000000d6000000,0x00000000d61fabb0,0x00000000d6200000)
  to   space 4096K, 0% used [0x00000000d5c00000,0x00000000d5c00000,0x00000000d6000000)
 ParOldGen       total 125440K, used 99320K [0x0000000080000000, 0x0000000087a80000, 0x00000000d5580000)
  object space 125440K, 79% used [0x0000000080000000,0x00000000860fe250,0x0000000087a80000)
 Metaspace       used 63735K, committed 65280K, reserved 1114112K
  class space    used 6679K, committed 7360K, reserved 1048576K
}
Event: 121.262 GC heap before
{Heap before GC invocations=196 (full 3):
 PSYoungGen      total 8704K, used 8682K [0x00000000d5580000, 0x00000000d6600000, 0x0000000100000000)
  eden space 6656K, 100% used [0x00000000d5580000,0x00000000d5c00000,0x00000000d5c00000)
  from space 2048K, 98% used [0x00000000d6000000,0x00000000d61fabb0,0x00000000d6200000)
  to   space 4096K, 0% used [0x00000000d5c00000,0x00000000d5c00000,0x00000000d6000000)
 ParOldGen       total 125440K, used 99320K [0x0000000080000000, 0x0000000087a80000, 0x00000000d5580000)
  object space 125440K, 79% used [0x0000000080000000,0x00000000860fe250,0x0000000087a80000)
 Metaspace       used 63751K, committed 65280K, reserved 1114112K
  class space    used 6679K, committed 7360K, reserved 1048576K
}
Event: 121.267 GC heap after
{Heap after GC invocations=196 (full 3):
 PSYoungGen      total 7680K, used 621K [0x00000000d5580000, 0x00000000d6080000, 0x0000000100000000)
  eden space 6656K, 0% used [0x00000000d5580000,0x00000000d5580000,0x00000000d5c00000)
  from space 1024K, 60% used [0x00000000d5c00000,0x00000000d5c9b5d0,0x00000000d5d00000)
  to   space 2048K, 0% used [0x00000000d5e80000,0x00000000d5e80000,0x00000000d6080000)
 ParOldGen       total 125440K, used 101291K [0x0000000080000000, 0x0000000087a80000, 0x00000000d5580000)
  object space 125440K, 80% used [0x0000000080000000,0x00000000862eacd0,0x0000000087a80000)
 Metaspace       used 63751K, committed 65280K, reserved 1114112K
  class space    used 6679K, committed 7360K, reserved 1048576K
}
Event: 121.586 GC heap before
{Heap before GC invocations=197 (full 3):
 PSYoungGen      total 7680K, used 7277K [0x00000000d5580000, 0x00000000d6080000, 0x0000000100000000)
  eden space 6656K, 100% used [0x00000000d5580000,0x00000000d5c00000,0x00000000d5c00000)
  from space 1024K, 60% used [0x00000000d5c00000,0x00000000d5c9b5d0,0x00000000d5d00000)
  to   space 2048K, 0% used [0x00000000d5e80000,0x00000000d5e80000,0x00000000d6080000)
 ParOldGen       total 125440K, used 101291K [0x0000000080000000, 0x0000000087a80000, 0x00000000d5580000)
  object space 125440K, 80% used [0x0000000080000000,0x00000000862eacd0,0x0000000087a80000)
 Metaspace       used 63762K, committed 65280K, reserved 1114112K
  class space    used 6679K, committed 7360K, reserved 1048576K
}
Event: 121.589 GC heap after
{Heap after GC invocations=197 (full 3):
 PSYoungGen      total 7680K, used 695K [0x00000000d5580000, 0x00000000d5f80000, 0x0000000100000000)
  eden space 6656K, 0% used [0x00000000d5580000,0x00000000d5580000,0x00000000d5c00000)
  from space 1024K, 67% used [0x00000000d5e80000,0x00000000d5f2dc20,0x00000000d5f80000)
  to   space 1024K, 0% used [0x00000000d5c00000,0x00000000d5c00000,0x00000000d5d00000)
 ParOldGen       total 125440K, used 101602K [0x0000000080000000, 0x0000000087a80000, 0x00000000d5580000)
  object space 125440K, 80% used [0x0000000080000000,0x0000000086338b00,0x0000000087a80000)
 Metaspace       used 63762K, committed 65280K, reserved 1114112K
  class space    used 6679K, committed 7360K, reserved 1048576K
}
Event: 122.207 GC heap before
{Heap before GC invocations=198 (full 3):
 PSYoungGen      total 7680K, used 7351K [0x00000000d5580000, 0x00000000d5f80000, 0x0000000100000000)
  eden space 6656K, 100% used [0x00000000d5580000,0x00000000d5c00000,0x00000000d5c00000)
  from space 1024K, 67% used [0x00000000d5e80000,0x00000000d5f2dc20,0x00000000d5f80000)
  to   space 1024K, 0% used [0x00000000d5c00000,0x00000000d5c00000,0x00000000d5d00000)
 ParOldGen       total 125440K, used 101602K [0x0000000080000000, 0x0000000087a80000, 0x00000000d5580000)
  object space 125440K, 80% used [0x0000000080000000,0x0000000086338b00,0x0000000087a80000)
 Metaspace       used 63796K, committed 65280K, reserved 1114112K
  class space    used 6680K, committed 7360K, reserved 1048576K
}
Event: 122.209 GC heap after
{Heap after GC invocations=198 (full 3):
 PSYoungGen      total 7680K, used 716K [0x00000000d5580000, 0x00000000d5f00000, 0x0000000100000000)
  eden space 6656K, 0% used [0x00000000d5580000,0x00000000d5580000,0x00000000d5c00000)
  from space 1024K, 69% used [0x00000000d5c00000,0x00000000d5cb3290,0x00000000d5d00000)
  to   space 1024K, 0% used [0x00000000d5e00000,0x00000000d5e00000,0x00000000d5f00000)
 ParOldGen       total 125440K, used 101936K [0x0000000080000000, 0x0000000087a80000, 0x00000000d5580000)
  object space 125440K, 81% used [0x0000000080000000,0x000000008638c068,0x0000000087a80000)
 Metaspace       used 63796K, committed 65280K, reserved 1114112K
  class space    used 6680K, committed 7360K, reserved 1048576K
}
Event: 122.720 GC heap before
{Heap before GC invocations=199 (full 3):
 PSYoungGen      total 7680K, used 7372K [0x00000000d5580000, 0x00000000d5f00000, 0x0000000100000000)
  eden space 6656K, 100% used [0x00000000d5580000,0x00000000d5c00000,0x00000000d5c00000)
  from space 1024K, 69% used [0x00000000d5c00000,0x00000000d5cb3290,0x00000000d5d00000)
  to   space 1024K, 0% used [0x00000000d5e00000,0x00000000d5e00000,0x00000000d5f00000)
 ParOldGen       total 125440K, used 101936K [0x0000000080000000, 0x0000000087a80000, 0x00000000d5580000)
  object space 125440K, 81% used [0x0000000080000000,0x000000008638c068,0x0000000087a80000)
 Metaspace       used 63804K, committed 65280K, reserved 1114112K
  class space    used 6680K, committed 7360K, reserved 1048576K
}
Event: 122.724 GC heap after
{Heap after GC invocations=199 (full 3):
 PSYoungGen      total 7680K, used 1023K [0x00000000d5580000, 0x00000000d5f00000, 0x0000000100000000)
  eden space 6656K, 0% used [0x00000000d5580000,0x00000000d5580000,0x00000000d5c00000)
  from space 1024K, 99% used [0x00000000d5e00000,0x00000000d5effeb8,0x00000000d5f00000)
  to   space 1536K, 0% used [0x00000000d5c00000,0x00000000d5c00000,0x00000000d5d80000)
 ParOldGen       total 125440K, used 102459K [0x0000000080000000, 0x0000000087a80000, 0x00000000d5580000)
  object space 125440K, 81% used [0x0000000080000000,0x000000008640ee20,0x0000000087a80000)
 Metaspace       used 63804K, committed 65280K, reserved 1114112K
  class space    used 6680K, committed 7360K, reserved 1048576K
}

